Start testing: Aug 08 02:56 BST
----------------------------------------------------------
1/11 Testing: sync_applier
1/11 Test: sync_applier
Command: "/tmp/opencode/progressive-core/build2/test_sync_applier"
Directory: /tmp/opencode/progressive-core/build2
"sync_applier" start time: Aug 08 02:56 BST
Output:
----------------------------------------------------------
[E2EE] initVerificationManager: MSK exchange fns wired
[E2EE] initVerificationManager: MSK exchange fns wired
[E2EE] initVerificationManager: MSK exchange fns wired
[E2EE] initVerificationManager: MSK exchange fns wired
[DBG]  sync-event: type=m.room.message bodyEmpty=0 contentEmpty=0 sender=@alice:test body=[hello]
[DBG]  sync-event: type=m.room.message bodyEmpty=0 contentEmpty=0 sender=@alice:test body=[reply]
[DBG]  appendBack: eid=$cap0 eventIdEmpty=0 type=m.room.message threadReply=-1
[DBG]  appendBack: eid=$cap1 eventIdEmpty=0 type=m.room.message threadReply=-1
[DBG]  appendBack: eid=$cap2 eventIdEmpty=0 type=m.room.message threadReply=-1
[DBG]  appendBack: eid=$cap3 eventIdEmpty=0 type=m.room.message threadReply=-1
[DBG]  appendBack: eid=$cap4 eventIdEmpty=0 type=m.room.message threadReply=-1
[DBG]  appendBack: eid=$cap5 eventIdEmpty=0 type=m.room.message threadReply=-1
[DBG]  appendBack: eid=$cap6 eventIdEmpty=0 type=m.room.message threadReply=-1
[DBG]  appendBack: eid=$cap7 eventIdEmpty=0 type=m.room.message threadReply=-1
[DBG]  appendBack: eid=$cap8 eventIdEmpty=0 type=m.room.message threadReply=-1
[DBG]  appendBack: eid=$cap9 eventIdEmpty=0 type=m.room.message threadReply=-1
[DBG]  appendBack: eid=$cap10 eventIdEmpty=0 type=m.room.message threadReply=-1
[DBG]  appendBack: eid=$cap11 eventIdEmpty=0 type=m.room.message threadReply=-1
[DBG]  appendBack: eid=$cap12 eventIdEmpty=0 type=m.room.message threadReply=-1
[DBG]  appendBack: eid=$cap13 eventIdEmpty=0 type=m.room.message threadReply=-1
[DBG]  appendBack: eid=$cap14 eventIdEmpty=0 type=m.room.message threadReply=-1
[DBG]  appendBack: eid=$cap15 eventIdEmpty=0 type=m.room.message threadReply=-1
[DBG]  appendBack: eid=$cap16 eventIdEmpty=0 type=m.room.message threadReply=-1
[DBG]  appendBack: eid=$cap17 eventIdEmpty=0 type=m.room.message threadReply=-1
[DBG]  appendBack: eid=$cap18 eventIdEmpty=0 type=m.room.message threadReply=-1
[DBG]  appendBack: eid=$cap19 eventIdEmpty=0 type=m.room.message threadReply=-1
[DBG]  appendBack: eid=$cap20 eventIdEmpty=0 type=m.room.message threadReply=-1
[DBG]  appendBack: eid=$cap21 eventIdEmpty=0 type=m.room.message threadReply=-1
[DBG]  appendBack: eid=$cap22 eventIdEmpty=0 type=m.room.message threadReply=-1
[DBG]  appendBack: eid=$cap23 eventIdEmpty=0 type=m.room.message threadReply=-1
[DBG]  appendBack: eid=$cap24 eventIdEmpty=0 type=m.room.message threadReply=-1
[DBG]  appendBack: eid=$cap25 eventIdEmpty=0 type=m.room.message threadReply=-1
[DBG]  appendBack: eid=$cap26 eventIdEmpty=0 type=m.room.message threadReply=-1
[DBG]  appendBack: eid=$cap27 eventIdEmpty=0 type=m.room.message threadReply=-1
[DBG]  appendBack: eid=$cap28 eventIdEmpty=0 type=m.room.message threadReply=-1
[DBG]  appendBack: eid=$cap29 eventIdEmpty=0 type=m.room.message threadReply=-1
[DBG]  appendBack: eid=$cap30 eventIdEmpty=0 type=m.room.message threadReply=-1
[DBG]  appendBack: eid=$cap31 eventIdEmpty=0 type=m.room.message threadReply=-1
[DBG]  appendBack: eid=$cap32 eventIdEmpty=0 type=m.room.message threadReply=-1
[DBG]  appendBack: eid=$cap33 eventIdEmpty=0 type=m.room.message threadReply=-1
[DBG]  appendBack: eid=$cap34 eventIdEmpty=0 type=m.room.message threadReply=-1
[DBG]  appendBack: eid=$cap35 eventIdEmpty=0 type=m.room.message threadReply=-1
[DBG]  appendBack: eid=$cap36 eventIdEmpty=0 type=m.room.message threadReply=-1
[DBG]  appendBack: eid=$cap37 eventIdEmpty=0 type=m.room.message threadReply=-1
[DBG]  appendBack: eid=$cap38 eventIdEmpty=0 type=m.room.message threadReply=-1
[DBG]  appendBack: eid=$cap39 eventIdEmpty=0 type=m.room.message threadReply=-1
[DBG]  appendBack: eid=$cap40 eventIdEmpty=0 type=m.room.message threadReply=-1
[DBG]  appendBack: eid=$cap41 eventIdEmpty=0 type=m.room.message threadReply=-1
[DBG]  appendBack: eid=$cap42 eventIdEmpty=0 type=m.room.message threadReply=-1
[DBG]  appendBack: eid=$cap43 eventIdEmpty=0 type=m.room.message threadReply=-1
[DBG]  appendBack: eid=$cap44 eventIdEmpty=0 type=m.room.message threadReply=-1
[DBG]  appendBack: eid=$cap45 eventIdEmpty=0 type=m.room.message threadReply=-1
[DBG]  appendBack: eid=$cap46 eventIdEmpty=0 type=m.room.message threadReply=-1
[DBG]  appendBack: eid=$cap47 eventIdEmpty=0 type=m.room.message threadReply=-1
[DBG]  appendBack: eid=$cap48 eventIdEmpty=0 type=m.room.message threadReply=-1
[DBG]  appendBack: eid=$cap49 eventIdEmpty=0 type=m.room.message threadReply=-1
[DBG]  appendBack: eid=$cap50 eventIdEmpty=0 type=m.room.message threadReply=-1
[DBG]  appendBack: eid=$cap51 eventIdEmpty=0 type=m.room.message threadReply=-1
[DBG]  appendBack: eid=$cap52 eventIdEmpty=0 type=m.room.message threadReply=-1
[DBG]  appendBack: eid=$cap53 eventIdEmpty=0 type=m.room.message threadReply=-1
[DBG]  appendBack: eid=$cap54 eventIdEmpty=0 type=m.room.message threadReply=-1
[DBG]  appendBack: eid=$cap55 eventIdEmpty=0 type=m.room.message threadReply=-1
[DBG]  appendBack: eid=$cap56 eventIdEmpty=0 type=m.room.message threadReply=-1
[DBG]  appendBack: eid=$cap57 eventIdEmpty=0 type=m.room.message threadReply=-1
[DBG]  appendBack: eid=$cap58 eventIdEmpty=0 type=m.room.message threadReply=-1
[DBG]  appendBack: eid=$cap59 eventIdEmpty=0 type=m.room.message threadReply=-1
[DBG]  appendBack: eid=$cap60 eventIdEmpty=0 type=m.room.message threadReply=-1
[DBG]  appendBack: eid=$cap61 eventIdEmpty=0 type=m.room.message threadReply=-1
[DBG]  appendBack: eid=$cap62 eventIdEmpty=0 type=m.room.message threadReply=-1
[DBG]  appendBack: eid=$cap63 eventIdEmpty=0 type=m.room.message threadReply=-1
[DBG]  appendBack: eid=$cap64 eventIdEmpty=0 type=m.room.message threadReply=-1
[DBG]  appendBack: eid=$cap65 eventIdEmpty=0 type=m.room.message threadReply=-1
[DBG]  appendBack: eid=$cap66 eventIdEmpty=0 type=m.room.message threadReply=-1
[DBG]  appendBack: eid=$cap67 eventIdEmpty=0 type=m.room.message threadReply=-1
[DBG]  appendBack: eid=$cap68 eventIdEmpty=0 type=m.room.message threadReply=-1
[DBG]  appendBack: eid=$cap69 eventIdEmpty=0 type=m.room.message threadReply=-1
[DBG]  appendBack: eid=$cap70 eventIdEmpty=0 type=m.room.message threadReply=-1
[DBG]  appendBack: eid=$cap71 eventIdEmpty=0 type=m.room.message threadReply=-1
[DBG]  appendBack: eid=$cap72 eventIdEmpty=0 type=m.room.message threadReply=-1
[DBG]  appendBack: eid=$cap73 eventIdEmpty=0 type=m.room.message threadReply=-1
[DBG]  appendBack: eid=$cap74 eventIdEmpty=0 type=m.room.message threadReply=-1
[DBG]  appendBack: eid=$cap75 eventIdEmpty=0 type=m.room.message threadReply=-1
[DBG]  appendBack: eid=$cap76 eventIdEmpty=0 type=m.room.message threadReply=-1
[DBG]  appendBack: eid=$cap77 eventIdEmpty=0 type=m.room.message threadReply=-1
[DBG]  appendBack: eid=$cap78 eventIdEmpty=0 type=m.room.message threadReply=-1
[DBG]  appendBack: eid=$cap79 eventIdEmpty=0 type=m.room.message threadReply=-1
[DBG]  appendBack: eid=$cap80 eventIdEmpty=0 type=m.room.message threadReply=-1
[DBG]  appendBack: eid=$cap81 eventIdEmpty=0 type=m.room.message threadReply=-1
[DBG]  appendBack: eid=$cap82 eventIdEmpty=0 type=m.room.message threadReply=-1
[DBG]  appendBack: eid=$cap83 eventIdEmpty=0 type=m.room.message threadReply=-1
[DBG]  appendBack: eid=$cap84 eventIdEmpty=0 type=m.room.message threadReply=-1
[DBG]  appendBack: eid=$cap85 eventIdEmpty=0 type=m.room.message threadReply=-1
[DBG]  appendBack: eid=$cap86 eventIdEmpty=0 type=m.room.message threadReply=-1
[DBG]  appendBack: eid=$cap87 eventIdEmpty=0 type=m.room.message threadReply=-1
[DBG]  appendBack: eid=$cap88 eventIdEmpty=0 type=m.room.message threadReply=-1
[DBG]  appendBack: eid=$cap89 eventIdEmpty=0 type=m.room.message threadReply=-1
[DBG]  appendBack: eid=$cap90 eventIdEmpty=0 type=m.room.message threadReply=-1
[DBG]  appendBack: eid=$cap91 eventIdEmpty=0 type=m.room.message threadReply=-1
[DBG]  appendBack: eid=$cap92 eventIdEmpty=0 type=m.room.message threadReply=-1
[DBG]  appendBack: eid=$cap93 eventIdEmpty=0 type=m.room.message threadReply=-1
[DBG]  appendBack: eid=$cap94 eventIdEmpty=0 type=m.room.message threadReply=-1
[DBG]  appendBack: eid=$cap95 eventIdEmpty=0 type=m.room.message threadReply=-1
[DBG]  appendBack: eid=$cap96 eventIdEmpty=0 type=m.room.message threadReply=-1
[DBG]  appendBack: eid=$cap97 eventIdEmpty=0 type=m.room.message threadReply=-1
[DBG]  appendBack: eid=$cap98 eventIdEmpty=0 type=m.room.message threadReply=-1
[DBG]  appendBack: eid=$cap99 eventIdEmpty=0 type=m.room.message threadReply=-1
[DBG]  appendBack: eid=$cap100 eventIdEmpty=0 type=m.room.message threadReply=-1
[DBG]  appendBack: eid=$cap101 eventIdEmpty=0 type=m.room.message threadReply=-1
[DBG]  appendBack: eid=$cap102 eventIdEmpty=0 type=m.room.message threadReply=-1
[DBG]  appendBack: eid=$cap103 eventIdEmpty=0 type=m.room.message threadReply=-1
[DBG]  appendBack: eid=$cap104 eventIdEmpty=0 type=m.room.message threadReply=-1
[DBG]  appendBack: eid=$cap105 eventIdEmpty=0 type=m.room.message threadReply=-1
[DBG]  appendBack: eid=$cap106 eventIdEmpty=0 type=m.room.message threadReply=-1
[DBG]  appendBack: eid=$cap107 eventIdEmpty=0 type=m.room.message threadReply=-1
[DBG]  appendBack: eid=$cap108 eventIdEmpty=0 type=m.room.message threadReply=-1
[DBG]  appendBack: eid=$cap109 eventIdEmpty=0 type=m.room.message threadReply=-1
[DBG]  appendBack: eid=$cap110 eventIdEmpty=0 type=m.room.message threadReply=-1
[DBG]  appendBack: eid=$cap111 eventIdEmpty=0 type=m.room.message threadReply=-1
[DBG]  appendBack: eid=$cap112 eventIdEmpty=0 type=m.room.message threadReply=-1
[DBG]  appendBack: eid=$cap113 eventIdEmpty=0 type=m.room.message threadReply=-1
[DBG]  appendBack: eid=$cap114 eventIdEmpty=0 type=m.room.message threadReply=-1
[DBG]  appendBack: eid=$cap115 eventIdEmpty=0 type=m.room.message threadReply=-1
[DBG]  appendBack: eid=$cap116 eventIdEmpty=0 type=m.room.message threadReply=-1
[DBG]  appendBack: eid=$cap117 eventIdEmpty=0 type=m.room.message threadReply=-1
[DBG]  appendBack: eid=$cap118 eventIdEmpty=0 type=m.room.message threadReply=-1
[DBG]  appendBack: eid=$cap119 eventIdEmpty=0 type=m.room.message threadReply=-1
[DBG]  appendBack: eid=$cap120 eventIdEmpty=0 type=m.room.message threadReply=-1
[DBG]  appendBack: eid=$cap121 eventIdEmpty=0 type=m.room.message threadReply=-1
[DBG]  appendBack: eid=$cap122 eventIdEmpty=0 type=m.room.message threadReply=-1
[DBG]  appendBack: eid=$cap123 eventIdEmpty=0 type=m.room.message threadReply=-1
[DBG]  appendBack: eid=$cap124 eventIdEmpty=0 type=m.room.message threadReply=-1
[DBG]  appendBack: eid=$cap125 eventIdEmpty=0 type=m.room.message threadReply=-1
[DBG]  appendBack: eid=$cap126 eventIdEmpty=0 type=m.room.message threadReply=-1
[DBG]  appendBack: eid=$cap127 eventIdEmpty=0 type=m.room.message threadReply=-1
[DBG]  appendBack: eid=$cap128 eventIdEmpty=0 type=m.room.message threadReply=-1
[DBG]  appendBack: eid=$cap129 eventIdEmpty=0 type=m.room.message threadReply=-1
[DBG]  appendBack: eid=$cap130 eventIdEmpty=0 type=m.room.message threadReply=-1
[DBG]  appendBack: eid=$cap131 eventIdEmpty=0 type=m.room.message threadReply=-1
[DBG]  appendBack: eid=$cap132 eventIdEmpty=0 type=m.room.message threadReply=-1
[DBG]  appendBack: eid=$cap133 eventIdEmpty=0 type=m.room.message threadReply=-1
[DBG]  appendBack: eid=$cap134 eventIdEmpty=0 type=m.room.message threadReply=-1
[DBG]  appendBack: eid=$cap135 eventIdEmpty=0 type=m.room.message threadReply=-1
[DBG]  appendBack: eid=$cap136 eventIdEmpty=0 type=m.room.message threadReply=-1
[DBG]  appendBack: eid=$cap137 eventIdEmpty=0 type=m.room.message threadReply=-1
[DBG]  appendBack: eid=$cap138 eventIdEmpty=0 type=m.room.message threadReply=-1
[DBG]  appendBack: eid=$cap139 eventIdEmpty=0 type=m.room.message threadReply=-1
[DBG]  appendBack: eid=$cap140 eventIdEmpty=0 type=m.room.message threadReply=-1
[DBG]  appendBack: eid=$cap141 eventIdEmpty=0 type=m.room.message threadReply=-1
[DBG]  appendBack: eid=$cap142 eventIdEmpty=0 type=m.room.message threadReply=-1
[DBG]  appendBack: eid=$cap143 eventIdEmpty=0 type=m.room.message threadReply=-1
[DBG]  appendBack: eid=$cap144 eventIdEmpty=0 type=m.room.message threadReply=-1
[DBG]  appendBack: eid=$cap145 eventIdEmpty=0 type=m.room.message threadReply=-1
[DBG]  appendBack: eid=$cap146 eventIdEmpty=0 type=m.room.message threadReply=-1
[DBG]  appendBack: eid=$cap147 eventIdEmpty=0 type=m.room.message threadReply=-1
[DBG]  appendBack: eid=$cap148 eventIdEmpty=0 type=m.room.message threadReply=-1
[DBG]  appendBack: eid=$cap149 eventIdEmpty=0 type=m.room.message threadReply=-1
[DBG]  appendBack: eid=$cap150 eventIdEmpty=0 type=m.room.message threadReply=-1
[DBG]  appendBack: eid=$cap151 eventIdEmpty=0 type=m.room.message threadReply=-1
[DBG]  appendBack: eid=$cap152 eventIdEmpty=0 type=m.room.message threadReply=-1
[DBG]  appendBack: eid=$cap153 eventIdEmpty=0 type=m.room.message threadReply=-1
[DBG]  appendBack: eid=$cap154 eventIdEmpty=0 type=m.room.message threadReply=-1
[DBG]  appendBack: eid=$cap155 eventIdEmpty=0 type=m.room.message threadReply=-1
[DBG]  appendBack: eid=$cap156 eventIdEmpty=0 type=m.room.message threadReply=-1
[DBG]  appendBack: eid=$cap157 eventIdEmpty=0 type=m.room.message threadReply=-1
[DBG]  appendBack: eid=$cap158 eventIdEmpty=0 type=m.room.message threadReply=-1
[DBG]  appendBack: eid=$cap159 eventIdEmpty=0 type=m.room.message threadReply=-1
[DBG]  appendBack: eid=$cap160 eventIdEmpty=0 type=m.room.message threadReply=-1
[DBG]  appendBack: eid=$cap161 eventIdEmpty=0 type=m.room.message threadReply=-1
[DBG]  appendBack: eid=$cap162 eventIdEmpty=0 type=m.room.message threadReply=-1
[DBG]  appendBack: eid=$cap163 eventIdEmpty=0 type=m.room.message threadReply=-1
[DBG]  appendBack: eid=$cap164 eventIdEmpty=0 type=m.room.message threadReply=-1
[DBG]  appendBack: eid=$cap165 eventIdEmpty=0 type=m.room.message threadReply=-1
[DBG]  appendBack: eid=$cap166 eventIdEmpty=0 type=m.room.message threadReply=-1
[DBG]  appendBack: eid=$cap167 eventIdEmpty=0 type=m.room.message threadReply=-1
[DBG]  appendBack: eid=$cap168 eventIdEmpty=0 type=m.room.message threadReply=-1
[DBG]  appendBack: eid=$cap169 eventIdEmpty=0 type=m.room.message threadReply=-1
[DBG]  appendBack: eid=$cap170 eventIdEmpty=0 type=m.room.message threadReply=-1
[DBG]  appendBack: eid=$cap171 eventIdEmpty=0 type=m.room.message threadReply=-1
[DBG]  appendBack: eid=$cap172 eventIdEmpty=0 type=m.room.message threadReply=-1
[DBG]  appendBack: eid=$cap173 eventIdEmpty=0 type=m.room.message threadReply=-1
[DBG]  appendBack: eid=$cap174 eventIdEmpty=0 type=m.room.message threadReply=-1
[DBG]  appendBack: eid=$cap175 eventIdEmpty=0 type=m.room.message threadReply=-1
[DBG]  appendBack: eid=$cap176 eventIdEmpty=0 type=m.room.message threadReply=-1
[DBG]  appendBack: eid=$cap177 eventIdEmpty=0 type=m.room.message threadReply=-1
[DBG]  appendBack: eid=$cap178 eventIdEmpty=0 type=m.room.message threadReply=-1
[DBG]  appendBack: eid=$cap179 eventIdEmpty=0 type=m.room.message threadReply=-1
[DBG]  appendBack: eid=$cap180 eventIdEmpty=0 type=m.room.message threadReply=-1
[DBG]  appendBack: eid=$cap181 eventIdEmpty=0 type=m.room.message threadReply=-1
[DBG]  appendBack: eid=$cap182 eventIdEmpty=0 type=m.room.message threadReply=-1
[DBG]  appendBack: eid=$cap183 eventIdEmpty=0 type=m.room.message threadReply=-1
[DBG]  appendBack: eid=$cap184 eventIdEmpty=0 type=m.room.message threadReply=-1
[DBG]  appendBack: eid=$cap185 eventIdEmpty=0 type=m.room.message threadReply=-1
[DBG]  appendBack: eid=$cap186 eventIdEmpty=0 type=m.room.message threadReply=-1
[DBG]  appendBack: eid=$cap187 eventIdEmpty=0 type=m.room.message threadReply=-1
[DBG]  appendBack: eid=$cap188 eventIdEmpty=0 type=m.room.message threadReply=-1
[DBG]  appendBack: eid=$cap189 eventIdEmpty=0 type=m.room.message threadReply=-1
[DBG]  appendBack: eid=$cap190 eventIdEmpty=0 type=m.room.message threadReply=-1
[DBG]  appendBack: eid=$cap191 eventIdEmpty=0 type=m.room.message threadReply=-1
[DBG]  appendBack: eid=$cap192 eventIdEmpty=0 type=m.room.message threadReply=-1
[DBG]  appendBack: eid=$cap193 eventIdEmpty=0 type=m.room.message threadReply=-1
[DBG]  appendBack: eid=$cap194 eventIdEmpty=0 type=m.room.message threadReply=-1
[DBG]  appendBack: eid=$cap195 eventIdEmpty=0 type=m.room.message threadReply=-1
[DBG]  appendBack: eid=$cap196 eventIdEmpty=0 type=m.room.message threadReply=-1
[DBG]  appendBack: eid=$cap197 eventIdEmpty=0 type=m.room.message threadReply=-1
[DBG]  appendBack: eid=$cap198 eventIdEmpty=0 type=m.room.message threadReply=-1
[DBG]  appendBack: eid=$cap199 eventIdEmpty=0 type=m.room.message threadReply=-1
[DBG]  appendBack: eid=$cap200 eventIdEmpty=0 type=m.room.message threadReply=-1
[DBG]  appendBack: eid=$cap201 eventIdEmpty=0 type=m.room.message threadReply=-1
[DBG]  appendBack: eid=$cap202 eventIdEmpty=0 type=m.room.message threadReply=-1
[DBG]  appendBack: eid=$cap203 eventIdEmpty=0 type=m.room.message threadReply=-1
[DBG]  appendBack: eid=$cap204 eventIdEmpty=0 type=m.room.message threadReply=-1
[DBG]  appendBack: eid=$cap205 eventIdEmpty=0 type=m.room.message threadReply=-1
[DBG]  appendBack: eid=$cap206 eventIdEmpty=0 type=m.room.message threadReply=-1
[DBG]  appendBack: eid=$cap207 eventIdEmpty=0 type=m.room.message threadReply=-1
[DBG]  appendBack: eid=$cap208 eventIdEmpty=0 type=m.room.message threadReply=-1
[DBG]  appendBack: eid=$cap209 eventIdEmpty=0 type=m.room.message threadReply=-1
[DBG]  appendBack: eid=$cap210 eventIdEmpty=0 type=m.room.message threadReply=-1
[DBG]  appendBack: eid=$cap211 eventIdEmpty=0 type=m.room.message threadReply=-1
[DBG]  appendBack: eid=$cap212 eventIdEmpty=0 type=m.room.message threadReply=-1
[DBG]  appendBack: eid=$cap213 eventIdEmpty=0 type=m.room.message threadReply=-1
[DBG]  appendBack: eid=$cap214 eventIdEmpty=0 type=m.room.message threadReply=-1
[DBG]  appendBack: eid=$cap215 eventIdEmpty=0 type=m.room.message threadReply=-1
[DBG]  appendBack: eid=$cap216 eventIdEmpty=0 type=m.room.message threadReply=-1
[DBG]  appendBack: eid=$cap217 eventIdEmpty=0 type=m.room.message threadReply=-1
[DBG]  appendBack: eid=$cap218 eventIdEmpty=0 type=m.room.message threadReply=-1
[DBG]  appendBack: eid=$cap219 eventIdEmpty=0 type=m.room.message threadReply=-1
[DBG]  appendBack: eid=$cap220 eventIdEmpty=0 type=m.room.message threadReply=-1
[DBG]  appendBack: eid=$cap221 eventIdEmpty=0 type=m.room.message threadReply=-1
[DBG]  appendBack: eid=$cap222 eventIdEmpty=0 type=m.room.message threadReply=-1
[DBG]  appendBack: eid=$cap223 eventIdEmpty=0 type=m.room.message threadReply=-1
[DBG]  appendBack: eid=$cap224 eventIdEmpty=0 type=m.room.message threadReply=-1
[DBG]  appendBack: eid=$cap225 eventIdEmpty=0 type=m.room.message threadReply=-1
[DBG]  appendBack: eid=$cap226 eventIdEmpty=0 type=m.room.message threadReply=-1
[DBG]  appendBack: eid=$cap227 eventIdEmpty=0 type=m.room.message threadReply=-1
[DBG]  appendBack: eid=$cap228 eventIdEmpty=0 type=m.room.message threadReply=-1
[DBG]  appendBack: eid=$cap229 eventIdEmpty=0 type=m.room.message threadReply=-1
[DBG]  appendBack: eid=$cap230 eventIdEmpty=0 type=m.room.message threadReply=-1
[DBG]  appendBack: eid=$cap231 eventIdEmpty=0 type=m.room.message threadReply=-1
[DBG]  appendBack: eid=$cap232 eventIdEmpty=0 type=m.room.message threadReply=-1
[DBG]  appendBack: eid=$cap233 eventIdEmpty=0 type=m.room.message threadReply=-1
[DBG]  appendBack: eid=$cap234 eventIdEmpty=0 type=m.room.message threadReply=-1
[DBG]  appendBack: eid=$cap235 eventIdEmpty=0 type=m.room.message threadReply=-1
[DBG]  appendBack: eid=$cap236 eventIdEmpty=0 type=m.room.message threadReply=-1
[DBG]  appendBack: eid=$cap237 eventIdEmpty=0 type=m.room.message threadReply=-1
[DBG]  appendBack: eid=$cap238 eventIdEmpty=0 type=m.room.message threadReply=-1
[DBG]  appendBack: eid=$cap239 eventIdEmpty=0 type=m.room.message threadReply=-1
[DBG]  appendBack: eid=$cap240 eventIdEmpty=0 type=m.room.message threadReply=-1
[DBG]  appendBack: eid=$cap241 eventIdEmpty=0 type=m.room.message threadReply=-1
[DBG]  appendBack: eid=$cap242 eventIdEmpty=0 type=m.room.message threadReply=-1
[DBG]  appendBack: eid=$cap243 eventIdEmpty=0 type=m.room.message threadReply=-1
[DBG]  appendBack: eid=$cap244 eventIdEmpty=0 type=m.room.message threadReply=-1
[DBG]  appendBack: eid=$cap245 eventIdEmpty=0 type=m.room.message threadReply=-1
[DBG]  appendBack: eid=$cap246 eventIdEmpty=0 type=m.room.message threadReply=-1
[DBG]  appendBack: eid=$cap247 eventIdEmpty=0 type=m.room.message threadReply=-1
[DBG]  appendBack: eid=$cap248 eventIdEmpty=0 type=m.room.message threadReply=-1
[DBG]  appendBack: eid=$cap249 eventIdEmpty=0 type=m.room.message threadReply=-1
[DBG]  sync-event: type=m.room.message bodyEmpty=0 contentEmpty=0 sender=@alice:test body=[bold text]
[DBG]  sync-event: type=m.room.message bodyEmpty=0 contentEmpty=0 sender=@alice:test body=[nested]
[DBG]  sync-event: type=m.room.message bodyEmpty=0 contentEmpty=0 sender=@alice:test body=[reply text]
[DBG]  sync-event: type=m.room.message bodyEmpty=0 contentEmpty=0 sender=@alice:test body=[report.pdf]
[DBG]  sync-event: type=m.room.message bodyEmpty=1 contentEmpty=0 sender=@alice:test body=[]
[DBG]  sync-event: type=m.room.message bodyEmpty=0 contentEmpty=0 sender=@alice:test body=[x.png]
[DBG]  sync-event: type=m.room.message bodyEmpty=0 contentEmpty=0 sender=@alice:test body=[f.bin]
[DBG]  sync-event: type=m.room.message bodyEmpty=0 contentEmpty=0 sender=@alice:test body=[new text]
[DBG]  appendBack: eid=$root1 eventIdEmpty=0 type=m.room.message threadReply=-1
[DBG]  appendBack: eid=$react1 eventIdEmpty=0 type=m.reaction threadReply=1
ok: e2ee: store open
ok: e2ee: account initialized
ok: e2ee: decryptor initialized
ok: e2ee: account pickle saved
ok: e2ee: reload from pickle
ok: e2ee: reloaded decryptor initialized
ok: applier: one room upserted
ok: applier: current room events captured
ok: applier: no invites
ok: applier: batch appended
ok: applier: two events
ok: applier: thread reply parsed
ok: applier: thread root count incremented
ok: applier: same-sender within window merges
ok: applier: dedup prevents duplicates
ok: applier: size unchanged after dedup
ok: applier: cap-200 enforced
ok: applier: oldest evicted
ok: applier: body extraction ({"msgtype":"m.text","formatted)
ok: applier: body extraction ({"msgtype":"m.text","formatted)
ok: applier: body extraction ({"msgtype":"m.text","body":"> )
ok: applier: sync-path reply extraction
ok: applier: body extraction ({"msgtype":"m.file","url":"mxc)
ok: applier: m.file mxcUrl parsed
ok: applier: body extraction ({"msgtype":"m.audio","url":"mx)
ok: applier: m.audio mxcUrl parsed
ok: applier: member avatar extracted into currentRoomAvatars
ok: retry: attempt 0 (initial) never re-requests
ok: retry: first retry needs >=30s
ok: retry: first retry after 30s
ok: retry: second retry needs >=2min
ok: retry: second retry after 2min
ok: retry: third retry after 10min
ok: retry: fourth retry after 1h
ok: retry: capped after 4 retries
ok: media: file.url extracted
ok: media: key/iv/sha extracted
ok: media: info.thumbnail_file extracted
ok: media: mimetype from file.mimetype
ok: preview: newest encrypted event -> [encrypted] placeholder
ok: txn: 200 rapid ids are unique
ok: txn: default prefix
ok: media: plain url: fallback kept
ok: applier: m.replace extracted (target + new_content body)
ok: enrich: unmarked sender unchanged
ok: enrich: marked sender gets the broken-session explanation
ok: enrich: other senders unaffected
ok: megolm: pending recorded
ok: megolm: fresh load with empty data
ok: megolm: fresh load clears pending
ok: applier: reactions never count as replies
All sync_applier tests passed
<end of output>
Test time =   0.21 sec
----------------------------------------------------------
Test Passed.
"sync_applier" end time: Aug 08 02:56 BST
"sync_applier" time elapsed: 00:00:00
----------------------------------------------------------

2/11 Testing: media_crypto
2/11 Test: media_crypto
Command: "/tmp/opencode/progressive-core/build2/test_media_crypto"
Directory: /tmp/opencode/progressive-core/build2
"media_crypto" start time: Aug 08 02:56 BST
Output:
----------------------------------------------------------
ok: gen: first key+iv produced
ok: gen: second key+iv produced
ok: gen: pairs are unique
ok: gen: 32-byte key / 16-byte iv
ok: ctr: ciphertext differs from plaintext
ok: ctr: round trip restores the plaintext
ok: sha: deterministic
ok: sha: hashes plaintext, not ciphertext
ok: dec: wrong key rejected
ok: dec: wrong sha rejected
ok: dec: right key + sha -> plaintext
ok: dec: empty sha skips verification
ok: dec: empty key rejected
ALL MEDIA CRYPTO TESTS PASSED
<end of output>
Test time =   0.05 sec
----------------------------------------------------------
Test Passed.
"media_crypto" end time: Aug 08 02:56 BST
"media_crypto" time elapsed: 00:00:00
----------------------------------------------------------

3/11 Testing: phase1
3/11 Test: phase1
Command: "/tmp/opencode/progressive-core/build2/test_phase1"
Directory: /tmp/opencode/progressive-core/build2
"phase1" start time: Aug 08 02:56 BST
Output:
----------------------------------------------------------
[E2EE] saveAccount: ENTER db=0xaaaaff9dad58
[E2EE] saveAccount: SQLite rc=101 device=DEV1
[E2EE] ring-test-42
[DBG]  ring-test-two
=== Phase 1 unit tests ===
--- test_well_known ---
ok: well-known with homeserver → valid
ok: extracts base_url
ok: empty well-known → invalid
ok: formatServerUrl adds https://
ok: formatServerUrl strips trailing slash
--- test_login_flow_parse ---
ok: parses 2 flows
--- test_matrix_error_parse ---
ok: parsed error is valid
ok: extracts errcode
ok: extracts error message
--- test_sync_parse_minimal ---
ok: extracts next_batch
ok: no joined rooms
ok: extracts next_batch 2
ok: one joined room
--- test_session_store_memory ---
ok: open :memory:
ok: save account
ok: load account returns value
ok: userId persisted
ok: deviceId persisted
ok: homeserverUrl persisted
ok: accessToken persisted
ok: refreshToken persisted
ok: save sync token
ok: load sync token returns value
ok: sync token persisted
ok: per-user: second account saved
ok: per-user: accounts keep their own sync positions
ok: clear sync token
ok: sync token cleared
ok: per-user: other account's token survives
ok: clear account
ok: account cleared
ok: log ring round-trips writes
ok: log ring preserves channel + text

ALL PASSED
<end of output>
Test time =   0.04 sec
----------------------------------------------------------
Test Passed.
"phase1" end time: Aug 08 02:56 BST
"phase1" time elapsed: 00:00:00
----------------------------------------------------------

4/11 Testing: olm_inbound
4/11 Test: olm_inbound
Command: "/tmp/opencode/progressive-core/build2/test_olm_inbound"
Directory: /tmp/opencode/progressive-core/build2
"olm_inbound" start time: Aug 08 02:56 BST
Output:
----------------------------------------------------------
=== Olm Inbound Test (raw C API) ===

ok: Bob account created
ok: Bob generated OTKs
  Bob identity: {"curve25519":"KOJiefkSZIiSqzvoFwm0qelExLJUJOwBo6dl3H7U7Fo","ed25519":"MqxtqphwzPZOV5+1Hr9j5hLytamBQ0V+SsFvPRDr2kg"}
  Bob OTKs: {"curve25519":{"AAAABQ":"G/BUlmcGbjiV7G1K3sHi9uHE2veWBeFeRJH9BMGnqCA","AAAABA":"/DpykPyN3ynNplI3/e6BeDwo6qxQHErck3YYcLTu2Hg","AAAAAw":"Ibg278n2Jg20bwfLQ6x/CCbzlU66xkV4m6Cv/KOqrRo","AAAAAg":"ynVMDpMp0EepX7yFZ1l5NXqUfGcWrIevmSPbtohCQkE","AAAAAQ":"5pROC6azCb/wS8qsFhbOLGKnYW7Sm3EGBD4200G2tmE"}}
ok: Alice account created
ok: Find curve25519 in identity keys
ok: Bob IK base64 is 43 chars
ok: Find curve25519 obj in OTK JSON
ok: Find first OTK value
ok: Bob OTK base64 is 43 chars
  Bob IK: KOJiefkS...
  Bob OTK: G/BUlmcG...
ok: Alice createOutbound
ok: Alice encrypt
ok: Pre-key message type is 0
ok: Bob createInbound
ok: Bob decrypt ptLen valid
ok: Bob decrypt
ok: Plaintext matches!
--- test_olm_roundtrip PASSED ---
ok: fb: Bob account created
ok: fb: Bob generated fallback key
ok: fb: fallback key length > 0
ok: fb: find curve25519 in identity keys
ok: fb: Bob IK base64 is 43 chars
ok: fb: find curve25519 object in fallback JSON
ok: fb: find key value in fallback JSON
ok: fb: fallback key base64 is 43 chars
ok: fb: Alice account created
ok: fb: Alice created outbound session with fallback key
ok: fb: Alice encrypted message
ok: fb: Bob created inbound session (lookup_key matched fallback)
ok: fb: Bob decrypt ptLen valid
ok: fb: Bob decrypted Alice's message
ok: fb: decrypted text matches
ok: fb: Bob generated fallback #2 (key#1 -> prev)
ok: fb: Alice outbound from key#1 (prev branch)
ok: fb: Alice encrypted prev-key message
ok: fb: Bob inbound from key#1 (prev_fallback_key branch)
ok: fb: prev-key decrypt ptLen valid
ok: fb: prev-key decrypted
ok: fb: prev-key text matches
ok: fb: Alice outbound from key#1 after forget
ok: fb: Alice encrypted post-forget message
ok: fb: Bob inbound FAILS after forget (key#1 gone)

Usage for real account test:
  /tmp/opencode/progressive-core/build2/test_olm_inbound <pickle_raw> <pickle_key>

ALL TESTS PASSED
<end of output>
Test time =   0.25 sec
----------------------------------------------------------
Test Passed.
"olm_inbound" end time: Aug 08 02:56 BST
"olm_inbound" time elapsed: 00:00:00
----------------------------------------------------------

5/11 Testing: megolm_inbound
5/11 Test: megolm_inbound
Command: "/tmp/opencode/progressive-core/build2/test_megolm_inbound"
Directory: /tmp/opencode/progressive-core/build2
"megolm_inbound" start time: Aug 08 02:56 BST
Output:
----------------------------------------------------------
[E2EE] addSession: init=1 err=(none)
[E2EE] megolmDecrypt: ret=13 err=(ok)
[e2ee] generateOneTimeKeys: generated 5 keys, retrieving JSON...
[e2ee] generateOneTimeKeys: JSON length=291
[e2ee] generateOneTimeKeys: JSON first 100 chars=[{"curve25519":{"AAAABQ":"CjYQ0aDdWHulYB9dQSljqIdUhxL4OrX1OdRAc+Ldojo","AAAABA":"9MhVcJoHM5cswV7CD+mS]
[E2EE] OlmDecrypt: written=17 ok
[E2EE] OlmDecrypt: written=12 ok
[E2EE] addSession: init=1 err=(none)
[E2EE] addSession: init=1 err=(none)
[E2EE] megolmDecrypt: ret=45 err=(ok)
[E2EE] addSession: init=1 err=(none)
[E2EE] addSession: init=1 err=(none)
[E2EE] megolm: sender_key drift for room=!drift:localhost sid=hXCkQ8qCZUzrVJKBjQWM (stored under key=OLDKEYAAAAAAAAAAAAAA, event key=NEWKEYBBBBBBBBBBBBBB) — fallback match
[E2EE] megolmDecrypt: ret=40 err=(ok)
[E2EE] addSession: init=1 err=(none)
[E2EE] resetIdentity: new identity keys generated — 1:1 sessions cleared
[E2EE] unpickleOutbound: DISCARD stale-identity session for room=!identity:localhost (storedSenderKey=1vcoRCKS7oE0L7hoN4CUPSvUUD6e8Pldfv7fDBMj7Ts current=LGGLVeV/dYqE07zkfXqeLSm8G8VYSDvvfk60pxC7FSs)
[E2EE] addSession: init=1 err=(none)
=== Megolm + Olm Roundtrip Tests ===

ok: Outbound session created
ok: Got outbound session key
ok: Got outbound session ID
ok: Encrypt
ok: addInboundSession
ok: hasSession after add
ok: hasSession with wrong id
ok: Decrypt returned non-empty
ok: Plaintext matches!
--- test_megolm_roundtrip PASSED ---
ok: Bob account created
ok: Bob generated OTKs
ok: Extracted first OTK
ok: Got Bob curve25519
ok: Alice account created
ok: Alice createOutbound
ok: Alice encrypt (type 0)
ok: Pre-key message type is 0
ok: Bob createInbound
ok: Bob decrypt (type 0)
ok: Plaintext matches (type 0)!
ok: Alice encrypt (msg 2)
ok: Bob decrypt (msg 2)
ok: Plaintext matches (msg 2)!
--- test_olm_wrapper_roundtrip PASSED ---
ok: Decryptor initialized
ok: getOrCreateOutboundSession
ok: encryptMessage returned JSON
ok: Parse encrypted JSON
ok: Ciphertext extracted
ok: Session ID extracted
ok: Sender key extracted
ok: getOutboundSessionKey
ok: addInboundSession for outbound test
ok: Decrypt returned non-empty
ok: Outbound encrypt roundtrip matches!
--- test_outbound_encrypt_roundtrip PASSED ---
ok: Decryptor initialized
ok: getOrCreateOutboundSession
ok: encryptMessage returned JSON
ok: Parse encrypted JSON
ok: Extract ciphertext + session_id
ok: getOutboundSessionKey
ok: addInboundSession under OLD sender key
ok: Sender-key drift fallback decrypts
ok: Drift fallback plaintext matches
--- test_sender_key_drift_fallback PASSED ---
ok: Decryptor initialized
ok: Session created under old identity
ok: Pickle records the creating senderKey
ok: resetIdentity
ok: unpickleOutboundSessions (discards stale)
ok: Fresh session after reset
ok: Old-identity session was discarded (new id differs)
ok: New pickle carries the current sender key
--- test_outbound_discard_on_identity_change PASSED ---

ALL TESTS PASSED
<end of output>
Test time =   0.18 sec
----------------------------------------------------------
Test Passed.
"megolm_inbound" end time: Aug 08 02:56 BST
"megolm_inbound" time elapsed: 00:00:00
----------------------------------------------------------

6/11 Testing: e2ee_account
6/11 Test: e2ee_account
Command: "/tmp/opencode/progressive-core/build2/test_e2ee_account"
Directory: /tmp/opencode/progressive-core/build2
"e2ee_account" start time: Aug 08 02:56 BST
Output:
----------------------------------------------------------
[e2ee] generateOneTimeKeys: generated 5 keys, retrieving JSON...
[e2ee] generateOneTimeKeys: JSON length=291
[e2ee] generateOneTimeKeys: JSON first 100 chars=[{"curve25519":{"AAAABQ":"I6/HSRVyU36o26hubM+sKuzXhn6yMfkRJ4JLn8dypm8","AAAABA":"tximoF+PnKbdQRfzu7TV]
[e2ee] generateOneTimeKeys: generated 5 keys, retrieving JSON...
[e2ee] generateOneTimeKeys: JSON length=291
[e2ee] generateOneTimeKeys: JSON first 100 chars=[{"curve25519":{"AAAACg":"RVSiLWOfBp/76zoURd8oKBgYkeBPATGQlsRgjcX/S1M","AAAACQ":"inyvXp1iFtYFDbkQw2co]
ok: create() succeeds
ok: shared() false after create
ok: shared() true after markAsShared
ok: shared() false after setShared(false)
ok: shared() true after setShared(true)
ok: create() succeeds
ok: curve25519 key is 43 chars
ok: ed25519 key is 43 chars
ok: generateOneTimeKeys(5) non-empty
ok: OTK JSON contains curve25519
ok: generateOneTimeKeys after publish non-empty
ok: OTK2 JSON contains curve25519
ok: create() succeeds
ok: uploadedKeyCount() 0 after create
ok: uploadedKeyCount() 42 after set
ok: uploadedKeyCount() 100 after set
ok: store1 create()
ok: save() returns non-empty pickle
ok: store2 load() succeeds
ok: curve25519 matches after load
ok: ed25519 matches after load

ALL TESTS PASSED
<end of output>
Test time =   0.11 sec
----------------------------------------------------------
Test Passed.
"e2ee_account" end time: Aug 08 02:56 BST
"e2ee_account" time elapsed: 00:00:00
----------------------------------------------------------

7/11 Testing: e2ee_otk_count
7/11 Test: e2ee_otk_count
Command: "/tmp/opencode/progressive-core/build2/test_e2ee_otk_count"
Directory: /tmp/opencode/progressive-core/build2
"e2ee_otk_count" start time: Aug 08 02:56 BST
Output:
----------------------------------------------------------
[e2ee] generateOneTimeKeys: generated 10 keys, retrieving JSON...
[e2ee] generateOneTimeKeys: JSON length=566
[e2ee] generateOneTimeKeys: JSON first 100 chars=[{"curve25519":{"AAAACg":"8BOdfJcFe842AAMs4glVFVZffdgLaQbEjMJ7HsV4OUk","AAAACQ":"mIl/zllKaU+1sKMzd/UZ]
[e2ee] generateOneTimeKeys: generated 10 keys, retrieving JSON...
[e2ee] generateOneTimeKeys: JSON length=566
[e2ee] generateOneTimeKeys: JSON first 100 chars=[{"curve25519":{"AAAAFA":"hx6RMqK7KbOk5AJS5Mb6FH26mgVzHkjR/yMo2lRrKTk","AAAAEw":"6erIFYcIVkrNFXYG/3NC]
[e2ee] generateOneTimeKeys: generated 10 keys, retrieving JSON...
[e2ee] generateOneTimeKeys: JSON length=566
[e2ee] generateOneTimeKeys: JSON first 100 chars=[{"curve25519":{"AAAAHg":"dsvAIltkDEFxXvmx42Xc/4XZRu72thnxSuEqMYR0kQQ","AAAAHQ":"6BrIO1A6rZ1/ykrEmlJS]
[e2ee] generateOneTimeKeys: generated 5 keys, retrieving JSON...
[e2ee] generateOneTimeKeys: JSON length=291
[e2ee] generateOneTimeKeys: JSON first 100 chars=[{"curve25519":{"AAAABQ":"Qgu4XVDYXN0wDvhfGk4gGYw9vXzuCsy+UQC88qneino","AAAABA":"pjQyvKTFOMdZsloV0N7j]
[E2EE] fastSync: no to_device section in sync response
[E2EE] fastSync: unused_fallback_key_types=2
[E2EE] fastSync: no to_device section in sync response
ok: create() succeeds
ok: uploadedKeyCount 0 after create
ok: generateOneTimeKeys(10) produces 10 keys
ok: OTK JSON contains curve25519
ok: after publish, generateOneTimeKeys(10) produces 10 keys
ok: setUploadedKeyCount(100) sticks
ok: generateOneTimeKeys still callable when count=100 (no crash)
ok: store1 create()
ok: save() non-empty
ok: load() succeeds
ok: fallback: create() succeeds
ok: fallback: no unpublished key before generate
ok: fallback: generateFallbackKey() succeeds
ok: fallback: unpublishedFallbackKey() non-empty after generate
ok: fallback: JSON contains curve25519
ok: fallback: unpublished empty after markOneTimeKeysPublished (marks fallback too)
ok: fallback: regenerate after publish works
ok: fallback: new unpublished key exists
ok: fallback-roundtrip: create()
ok: fallback-roundtrip: generate()
ok: fallback-roundtrip: unpublished before save
ok: fallback-roundtrip: save() non-empty
ok: fallback-roundtrip: load() succeeds
ok: fallback-roundtrip: unpublished fallback survives save/load
ok: sync-fallback: parse succeeds
ok: sync-fallback: two fallback types parsed
ok: sync-fallback: first type is signed_curve25519
ok: sync-fallback: absent field → empty vector
ok: rng: first account created
ok: rng: second account created
ok: rng: two accounts have different ed25519 keys
ok: rng: two accounts have different curve25519 keys
ok: fallback-body: decryptor init
ok: fallback-body: generate
ok: fallback-body: unpublished non-empty
ok: fallback-body: section non-empty
ok: fallback-body: valid JSON
ok: fallback-body: root object
ok: fallback-body: key field
ok: fallback-body: signature found
ok: fallback-body: verifyOtk returns true
ok: fallback-body: signed_curve25519 key found
ok: fallback-body: section non-empty after publish (generates fresh)
ok: fallback-body: fresh key differs from original

ALL TESTS PASSED
<end of output>
Test time =   0.29 sec
----------------------------------------------------------
Test Passed.
"e2ee_otk_count" end time: Aug 08 02:56 BST
"e2ee_otk_count" time elapsed: 00:00:00
----------------------------------------------------------

8/11 Testing: e2ee_sas
8/11 Test: e2ee_sas
Command: "/tmp/opencode/progressive-core/build2/test_e2ee_sas"
Directory: /tmp/opencode/progressive-core/build2
"e2ee_sas" start time: Aug 08 02:56 BST
Output:
----------------------------------------------------------
ok: sasCreate produces valid session
ok: pubkey is 43 chars (unpadded base64, 32-byte curve25519)
ok: pubkey is valid base64 (no double-encode)
ok: both SAS sessions valid
ok: bob sets alice's pubkey
ok: alice sets bob's pubkey
ok: both have their key set
ok: alice SAS bytes non-empty
ok: alice SAS bytes is 6 bytes
ok: alice and bob SAS bytes match (shared secret agrees)
ok: alice produces 7 emojis
ok: bob produces 7 emojis
ok: emoji count matches
ok: alice and bob emojis identical
ok: alice produces 3 decimals
ok: bob produces 3 decimals
ok: alice and bob decimals identical
ok: all decimals in range [1000, 9191]
ok: sasCalculateMac returns non-empty (Bug 1: no resize crash)
ok: MAC is 43 chars (unpadded base64, 32-byte SHA256)
ok: bob verifies alice's MAC
ok: alice verifies bob's MAC
ok: mismatched message fails MAC verification

All SAS crypto roundtrip tests passed
<end of output>
Test time =   0.08 sec
----------------------------------------------------------
Test Passed.
"e2ee_sas" end time: Aug 08 02:56 BST
"e2ee_sas" time elapsed: 00:00:00
----------------------------------------------------------

9/11 Testing: e2ee_verify_protocol
9/11 Test: e2ee_verify_protocol
Command: "/tmp/opencode/progressive-core/build2/test_e2ee_verify_protocol"
Directory: /tmp/opencode/progressive-core/build2
"e2ee_verify_protocol" start time: Aug 08 02:56 BST
Output:
----------------------------------------------------------
ok: msk-neg: mismatched master key prevents Done
ok: msk: flow reaches Done with MSKs exchanged
ok: msk: A's mac includes our MSK pseudo-device
ok: msk: B's mac includes its MSK pseudo-device
ok: A KeyReceived
ok: B KeyReceived
ok: A produces 7 emojis
ok: B emoji count matches
ok: A and B emojis identical
ok: B MacReceived after A mac
ok: A Done
ok: B Done
ok: full flow completes
ok: no cancel events on happy path
ok: done event sent by at least one side
ok: B KeyReceived before bad MAC
ok: B Cancelled on bad MAC
ok: B cancelCode = KeyMismatch
ok: B forwarded cancel contains "code":"m.key_mismatch"
ok: sweep: txn created
ok: sweep: expired active txn erased
ok: sweep: m.timeout cancel sent for expired active txn
ok: sweep: second txn created
ok: sweep: expired cancelled txn erased
ok: sweep: third txn created
ok: sweep: fresh txn survives

All verification protocol tests passed
<end of output>
Test time =   0.13 sec
----------------------------------------------------------
Test Passed.
"e2ee_verify_protocol" end time: Aug 08 02:56 BST
"e2ee_verify_protocol" time elapsed: 00:00:00
----------------------------------------------------------

10/11 Testing: e2ee_store
10/11 Test: e2ee_store
Command: "/tmp/opencode/progressive-core/build2/test_e2ee_store"
Directory: /tmp/opencode/progressive-core/build2
"e2ee_store" start time: Aug 08 02:56 BST
Output:
----------------------------------------------------------
[E2EE] addSession: init=1 err=(none)
[E2EE] processPending: 0 pending events for room=!bk:test
[E2EE] processPending: NO MATCH for room=!bk:test sid=cnemYPPwzsQsv236rVVL sk=CHebUEijSLGvZI5r2u6B
[E2EE] megolmDecrypt: ret=26 err=(ok)
[E2EE] addSession: init=1 err=(none)
[E2EE] getOrCreateOutboundSession: rotating session for room=!r:test (staleIdentity=0 emptyIds=0 rotationDue=1)
[E2EE] addSession: init=1 err=(none)
[E2EE] addSession: init=1 err=(none)
[E2EE] processPending: 0 pending events for room=!room1:test
[E2EE] processPending: NO MATCH for room=!room1:test sid=eb9L8i8/0AKsx1jrZCPq sk=nGDIudB9JpL9ouW+Q4DL
[E2EE] importKeys: imported 1 sessions
[E2EE] megolmDecrypt: ret=21 err=(ok)
[E2EE] unpickleAll: JSON parse FAILED dataLen=21 rawLen=21
[E2EE] markDevicesStale: cap 1000 reached, dropping further entries
ok: xs: keys generated
ok: xs: distinct keypairs
ok: xs: signature produced
ok: xs: signature verifies
ok: xs: tampered message rejected
ok: xs: wrong key rejected
ok: xs: content has signatures map with our user
ok: xs: canonical keys object
ok: xs: extracted content signature
ok: xs: content signature verifies with the master key
ok: xs: keys-only canonical does NOT verify (full canonical required)
ok: trust: one device evaluated
ok: trust: device id
ok: trust: SSK-signed device is Trusted
ok: trust: tampered SSK signature -> Unverified
ok: trust: no cross-signing -> empty
ok: trust: USK-signed master upgrades bob's device to Verified
ok: trust: without our USK the device stays Unverified
ok: vd: save verified device
ok: vd: device verified
ok: vd: other device not verified
ok: vd: clear all
ok: vd: cleared device no longer verified
ok: bk: base58 roundtrip
ok: bk: recovery key generated
ok: bk: recovery key valid
ok: bk: tampered recovery key rejected
ok: bk: backup keypair derived
ok: bk: session_data encrypted
ok: bk: session_data roundtrip
ok: bk: version body structure
ok: bk: session entry structure
ok: bkrt: sender init
ok: bkrt: outbound session created
ok: bkrt: encrypted a message
ok: bkrt: envelope has the room
ok: bkrt: parsed session fields
ok: bkrt: parsed sender_key
ok: bkrt: real export encrypted
ok: bkrt: real export restored
ok: bkrt: receiver init
ok: bkrt: imported the restored session
ok: bkrt: receiver decrypts the backed-up session's message
ok: bkrt: store open
ok: bkrt: backup info saved
ok: bkrt: backup info loaded
ok: bkrt: backup info cleared
ok: bkrt: backup info gone
ok: ssss: key id is 32 chars
ok: ssss: keys derived
ok: ssss: 32-byte keys
ok: ssss: secret encrypted
ok: ssss: secret roundtrip
ok: ssss: tampered mac rejected
ok: ssss: wrong key rejected
ok: ssss: metadata built
ok: ssss: metadata verifies
ok: ssss: wrong keys fail verification
ok: rot: init
ok: rot: session created
ok: rot: encrypted
ok: rot: session rotated after message count reached
ok: rot: no rotation without config
ok: xport: decryptor init
ok: xport: outbound session created
ok: xport: export envelope non-empty
ok: xport: version 1
ok: xport: room in envelope
ok: xport: exactly one rooms entry for the room (no duplicate)
ok: xport: encrypted a message
ok: xport: decryptor2 init
ok: xport: import returns count > 0
ok: xport: second decryptor decrypts the exported session's message
ok: pickleAll on empty store returns [] or empty
ok: unpickleAll("") returns true (no-op)
ok: unpickleAll("[]") returns true (empty array)
ok: unpickleAll with garbage data returns false
ok: user 999 is stale after 1000 inserts
ok: user 0 is stale after cap not exceeded
ok: user beyond cap NOT stale (cap at 1000)
ok: clearStale removes stale flag

ALL TESTS PASSED
<end of output>
Test time =   0.13 sec
----------------------------------------------------------
Test Passed.
"e2ee_store" end time: Aug 08 02:56 BST
"e2ee_store" time elapsed: 00:00:00
----------------------------------------------------------

11/11 Testing: synapse_e2ee
11/11 Test: synapse_e2ee
Command: "/tmp/opencode/progressive-core/build2/test_synapse_e2ee"
Directory: /tmp/opencode/progressive-core/build2
"synapse_e2ee" start time: Aug 08 02:56 BST
Output:
----------------------------------------------------------
=== Synapse E2EE Integration Test ===

SKIP: no Synapse reachable at http://localhost:8008 (set SYNAPSE_URL)
<end of output>
Test time =   5.05 sec
----------------------------------------------------------
Test Passed.
"synapse_e2ee" end time: Aug 08 02:56 BST
"synapse_e2ee" time elapsed: 00:00:05
----------------------------------------------------------

End testing: Aug 08 02:56 BST
